wandb: Currently logged in as: bertram-hage (bertram-hage-danmarks-tekniske-universitet-dtu) to https://api.wandb.ai. Use `wandb login --relogin` to force relogin
wandb: setting up run cqihbr5d
wandb: Tracking run with wandb version 0.23.0
wandb: Run data is saved locally in /zhome/ea/6/187439/computational-tools-project/wandb/run-20251115_131718-cqihbr5d
wandb: Run `wandb offline` to turn off syncing.
wandb: Syncing run pipeline_2024_map_reduce
wandb: â­ï¸ View project at https://wandb.ai/bertram-hage-danmarks-tekniske-universitet-dtu/Computational-Tools
wandb: ðŸš€ View run at https://wandb.ai/bertram-hage-danmarks-tekniske-universitet-dtu/Computational-Tools/runs/cqihbr5d
Process ForkPoolWorker-17:
Process ForkPoolWorker-13:
Traceback (most recent call last):
Traceback (most recent call last):
  File "/appl9/python/3.11.9/lib/python3.11/multiprocessing/pool.py", line 856, in next
    item = self._items.popleft()
           ^^^^^^^^^^^^^^^^^^^^^
  File "/appl9/python/3.11.9/lib/python3.11/multiprocessing/process.py", line 314, in _bootstrap
    self.run()
  File "/appl9/python/3.11.9/lib/python3.11/multiprocessing/process.py", line 108, in run
    self._target(*self._args, **self._kwargs)
  File "/appl9/python/3.11.9/lib/python3.11/multiprocessing/pool.py", line 125, in worker
    result = (True, func(*args, **kwds))
                    ^^^^^^^^^^^^^^^^^^^
  File "/appl9/python/3.11.9/lib/python3.11/multiprocessing/pool.py", line 48, in mapstar
    return list(map(*args))
           ^^^^^^^^^^^^^^^^
  File "/zhome/ea/6/187439/computational-tools-project/src/preprocessing/map_reduce.py", line 69, in process_single_mmsi
    processed_data, preprocessing_results = preprocess_mmsi_track(full_track)
                                            ^^^^^^^^^^^^^^^^^^^^^^^^^^^^^^^^^
IndexError: pop from an empty deque
  File "/zhome/ea/6/187439/computational-tools-project/src/preprocessing/preprocessing.py", line 100, in preprocess_mmsi_track
    tmp = utils.interpolate(t,v)
          ^^^^^^^^^^^^^^^^^^^^^^
  File "/zhome/ea/6/187439/computational-tools-project/src/preprocessing/utils.py", line 158, in interpolate
    before_p = np.nonzero(t >= track[:,TIMESTAMP])[0]
               ^^^^^^^^^^^^^^^^^^^^^^^^^^^^^^^^^^^
  File "/zhome/ea/6/187439/computational-tools-project/.venv/lib/python3.11/site-packages/numpy/_core/fromnumeric.py", line 2014, in _nonzero_dispatcher
    def _nonzero_dispatcher(a):
    
KeyboardInterrupt

During handling of the above exception, another exception occurred:

Traceback (most recent call last):
  File "/zhome/ea/6/187439/computational-tools-project/src/preprocessing/map_reduce.py", line 119, in reduce
    for i, result in enumerate(pool.imap_unordered(process_single_mmsi, mmsi_tasks, chunksize=chunk_size), 1):
  File "/appl9/python/3.11.9/lib/python3.11/multiprocessing/pool.py", line 451, in <genexpr>
    return (item for chunk in result for item in chunk)
           ^^^^^^^^^^^^^^^^^^^^^^^^^^^^^^^^^^^^^^^^^^^^
  File "/appl9/python/3.11.9/lib/python3.11/multiprocessing/pool.py", line 861, in next
    self._cond.wait(timeout)
  File "/appl9/python/3.11.9/lib/python3.11/threading.py", line 327, in wait
    waiter.acquire()
KeyboardInterrupt

During handling of the above exception, another exception occurred:

Traceback (most recent call last):
  File "<frozen runpy>", line 198, in _run_module_as_main
  File "<frozen runpy>", line 88, in _run_code
  File "/zhome/ea/6/187439/computational-tools-project/src/preprocessing/map_reduce.py", line 181, in <module>
    reduce(final_dir=args.output_dir, temp_dir=temp_dir, n_workers=num_workers, logger=logger)
  File "/zhome/ea/6/187439/computational-tools-project/src/preprocessing/map_reduce.py", line 118, in reduce
    with Pool(processes=n_workers, maxtasksperchild=max(1,1000//chunk_size)) as pool:
  File "/appl9/python/3.11.9/lib/python3.11/multiprocessing/pool.py", line 738, in __exit__
    def __exit__(self, exc_type, exc_val, exc_tb):
    
KeyboardInterrupt
socket.send() raised exception.
socket.send() raised exception.
socket.send() raised exception.
Traceback (most recent call last):
socket.send() raised exception.
socket.send() raised exception.
socket.send() raised exception.
socket.send() raised exception.
socket.send() raised exception.
socket.send() raised exception.
socket.send() raised exception.
  File "/appl9/python/3.11.9/lib/python3.11/multiprocessing/process.py", line 314, in _bootstrap
    self.run()
socket.send() raised exception.
  File "/appl9/python/3.11.9/lib/python3.11/multiprocessing/process.py", line 108, in run
    self._target(*self._args, **self._kwargs)
  File "/appl9/python/3.11.9/lib/python3.11/multiprocessing/pool.py", line 125, in worker
    result = (True, func(*args, **kwds))
                    ^^^^^^^^^^^^^^^^^^^
  File "/appl9/python/3.11.9/lib/python3.11/multiprocessing/pool.py", line 48, in mapstar
    return list(map(*args))
           ^^^^^^^^^^^^^^^^
socket.send() raised exception.
  File "/zhome/ea/6/187439/computational-tools-project/src/preprocessing/map_reduce.py", line 69, in process_single_mmsi
    processed_data, preprocessing_results = preprocess_mmsi_track(full_track)
                                            ^^^^^^^^^^^^^^^^^^^^^^^^^^^^^^^^^
  File "/zhome/ea/6/187439/computational-tools-project/src/preprocessing/preprocessing.py", line 78, in preprocess_mmsi_track
    o_report, o_calcul = utils.detectOutlier(track, speed_max = SPEED_MAX)
                         ^^^^^^^^^^^^^^^^^^^^^^^^^^^^^^^^^^^^^^^^^^^^^^^^^
  File "/zhome/ea/6/187439/computational-tools-project/src/preprocessing/utils.py", line 142, in detectOutlier
    o_calcul = trackOutlier(A)
               ^^^^^^^^^^^^^^^
socket.send() raised exception.
  File "/zhome/ea/6/187439/computational-tools-project/src/preprocessing/utils.py", line None, in trackOutlier
KeyboardInterrupt
socket.send() raised exception.
socket.send() raised exception.
socket.send() raised exception.
socket.send() raised exception.
socket.send() raised exception.
socket.send() raised exception.
socket.send() raised exception.
socket.send() raised exception.
socket.send() raised exception.
socket.send() raised exception.
socket.send() raised exception.
socket.send() raised exception.
socket.send() raised exception.
socket.send() raised exception.
socket.send() raised exception.
socket.send() raised exception.
socket.send() raised exception.
socket.send() raised exception.
socket.send() raised exception.
socket.send() raised exception.
socket.send() raised exception.
socket.send() raised exception.
socket.send() raised exception.
socket.send() raised exception.
socket.send() raised exception.
socket.send() raised exception.
socket.send() raised exception.
socket.send() raised exception.
socket.send() raised exception.
socket.send() raised exception.
socket.send() raised exception.
socket.send() raised exception.
socket.send() raised exception.
socket.send() raised exception.
socket.send() raised exception.
socket.send() raised exception.
socket.send() raised exception.
socket.send() raised exception.
socket.send() raised exception.
socket.send() raised exception.
socket.send() raised exception.
socket.send() raised exception.
socket.send() raised exception.
socket.send() raised exception.
socket.send() raised exception.
socket.send() raised exception.
socket.send() raised exception.
socket.send() raised exception.
socket.send() raised exception.
socket.send() raised exception.
socket.send() raised exception.
socket.send() raised exception.
socket.send() raised exception.
socket.send() raised exception.
socket.send() raised exception.
socket.send() raised exception.
socket.send() raised exception.
socket.send() raised exception.
socket.send() raised exception.
socket.send() raised exception.
socket.send() raised exception.
socket.send() raised exception.
socket.send() raised exception.
socket.send() raised exception.
socket.send() raised exception.
socket.send() raised exception.
socket.send() raised exception.
Process ForkPoolWorker-32:
socket.send() raised exception.
socket.send() raised exception.
socket.send() raised exception.
socket.send() raised exception.
socket.send() raised exception.
Traceback (most recent call last):
  File "/appl9/python/3.11.9/lib/python3.11/multiprocessing/process.py", line 314, in _bootstrap
    self.run()
  File "/appl9/python/3.11.9/lib/python3.11/multiprocessing/process.py", line 108, in run
    self._target(*self._args, **self._kwargs)
  File "/appl9/python/3.11.9/lib/python3.11/multiprocessing/pool.py", line 125, in worker
    result = (True, func(*args, **kwds))
                    ^^^^^^^^^^^^^^^^^^^
  File "/appl9/python/3.11.9/lib/python3.11/multiprocessing/pool.py", line 48, in mapstar
    return list(map(*args))
           ^^^^^^^^^^^^^^^^
  File "/zhome/ea/6/187439/computational-tools-project/src/preprocessing/map_reduce.py", line 69, in process_single_mmsi
    processed_data, preprocessing_results = preprocess_mmsi_track(full_track)
                                            ^^^^^^^^^^^^^^^^^^^^^^^^^^^^^^^^^
  File "/zhome/ea/6/187439/computational-tools-project/src/preprocessing/preprocessing.py", line 78, in preprocess_mmsi_track
    o_report, o_calcul = utils.detectOutlier(track, speed_max = SPEED_MAX)
                         ^^^^^^^^^^^^^^^^^^^^^^^^^^^^^^^^^^^^^^^^^^^^^^^^^
  File "/zhome/ea/6/187439/computational-tools-project/src/preprocessing/utils.py", line 142, in detectOutlier
    o_calcul = trackOutlier(A)
               ^^^^^^^^^^^^^^^
  File "/zhome/ea/6/187439/computational-tools-project/src/preprocessing/utils.py", line 86, in trackOutlier
    assert (A.transpose() == A).all(), "A must be a symatric matrix"
           ^^^^^^^^^^^^^^^^^^^^^^^^^^
  File "/zhome/ea/6/187439/computational-tools-project/.venv/lib/python3.11/site-packages/numpy/_core/_methods.py", line 66, in _all
    def _all(a, axis=None, dtype=None, out=None, keepdims=False, *, where=True):
    
KeyboardInterrupt
Process ForkPoolWorker-30:
socket.send() raised exception.
socket.send() raised exception.
socket.send() raised exception.
socket.send() raised exception.
Traceback (most recent call last):
  File "/appl9/python/3.11.9/lib/python3.11/multiprocessing/process.py", line 314, in _bootstrap
    self.run()
  File "/appl9/python/3.11.9/lib/python3.11/multiprocessing/process.py", line 108, in run
    self._target(*self._args, **self._kwargs)
  File "/appl9/python/3.11.9/lib/python3.11/multiprocessing/pool.py", line 125, in worker
    result = (True, func(*args, **kwds))
                    ^^^^^^^^^^^^^^^^^^^
  File "/appl9/python/3.11.9/lib/python3.11/multiprocessing/pool.py", line 48, in mapstar
    return list(map(*args))
           ^^^^^^^^^^^^^^^^
  File "/zhome/ea/6/187439/computational-tools-project/src/preprocessing/map_reduce.py", line 69, in process_single_mmsi
    processed_data, preprocessing_results = preprocess_mmsi_track(full_track)
                                            ^^^^^^^^^^^^^^^^^^^^^^^^^^^^^^^^^
  File "/zhome/ea/6/187439/computational-tools-project/src/preprocessing/preprocessing.py", line 78, in preprocess_mmsi_track
    o_report, o_calcul = utils.detectOutlier(track, speed_max = SPEED_MAX)
                         ^^^^^^^^^^^^^^^^^^^^^^^^^^^^^^^^^^^^^^^^^^^^^^^^^
  File "/zhome/ea/6/187439/computational-tools-project/src/preprocessing/utils.py", line 142, in detectOutlier
    o_calcul = trackOutlier(A)
               ^^^^^^^^^^^^^^^
  File "/zhome/ea/6/187439/computational-tools-project/src/preprocessing/utils.py", line 90, in trackOutlier
    b = np.sum(A, axis = 1)
        ^^^^^^^^^^^^^^^^^^^
  File "/zhome/ea/6/187439/computational-tools-project/.venv/lib/python3.11/site-packages/numpy/_core/fromnumeric.py", line 2466, in sum
    return _wrapreduction(
           ^^^^^^^^^^^^^^^
  File "/zhome/ea/6/187439/computational-tools-project/.venv/lib/python3.11/site-packages/numpy/_core/fromnumeric.py", line 86, in _wrapreduction
    return ufunc.reduce(obj, axis, dtype, out, **passkwargs)
           ^^^^^^^^^^^^^^^^^^^^^^^^^^^^^^^^^^^^^^^^^^^^^^^^^
KeyboardInterrupt
socket.send() raised exception.
socket.send() raised exception.
socket.send() raised exception.
socket.send() raised exception.
socket.send() raised exception.
socket.send() raised exception.
socket.send() raised exception.
socket.send() raised exception.
socket.send() raised exception.
socket.send() raised exception.
socket.send() raised exception.
socket.send() raised exception.
socket.send() raised exception.
socket.send() raised exception.
socket.send() raised exception.
socket.send() raised exception.
socket.send() raised exception.
socket.send() raised exception.
socket.send() raised exception.
socket.send() raised exception.
socket.send() raised exception.
socket.send() raised exception.
socket.send() raised exception.
socket.send() raised exception.
socket.send() raised exception.
socket.send() raised exception.
socket.send() raised exception.
socket.send() raised exception.
socket.send() raised exception.
socket.send() raised exception.
socket.send() raised exception.
socket.send() raised exception.
socket.send() raised exception.
socket.send() raised exception.
socket.send() raised exception.
socket.send() raised exception.
socket.send() raised exception.
socket.send() raised exception.
socket.send() raised exception.
socket.send() raised exception.
socket.send() raised exception.
socket.send() raised exception.
socket.send() raised exception.
socket.send() raised exception.
socket.send() raised exception.
socket.send() raised exception.
socket.send() raised exception.
socket.send() raised exception.
Process ForkPoolWorker-9:
socket.send() raised exception.
socket.send() raised exception.
Process ForkPoolWorker-33:
Traceback (most recent call last):
  File "/appl9/python/3.11.9/lib/python3.11/multiprocessing/process.py", line 314, in _bootstrap
    self.run()
  File "/appl9/python/3.11.9/lib/python3.11/multiprocessing/process.py", line 108, in run
    self._target(*self._args, **self._kwargs)
  File "/appl9/python/3.11.9/lib/python3.11/multiprocessing/pool.py", line 125, in worker
    result = (True, func(*args, **kwds))
                    ^^^^^^^^^^^^^^^^^^^
  File "/appl9/python/3.11.9/lib/python3.11/multiprocessing/pool.py", line 48, in mapstar
    return list(map(*args))
           ^^^^^^^^^^^^^^^^
  File "/zhome/ea/6/187439/computational-tools-project/src/preprocessing/map_reduce.py", line 69, in process_single_mmsi
    processed_data, preprocessing_results = preprocess_mmsi_track(full_track)
                                            ^^^^^^^^^^^^^^^^^^^^^^^^^^^^^^^^^
  File "/zhome/ea/6/187439/computational-tools-project/src/preprocessing/preprocessing.py", line 78, in preprocess_mmsi_track
    o_report, o_calcul = utils.detectOutlier(track, speed_max = SPEED_MAX)
                         ^^^^^^^^^^^^^^^^^^^^^^^^^^^^^^^^^^^^^^^^^^^^^^^^^
  File "/zhome/ea/6/187439/computational-tools-project/src/preprocessing/utils.py", line 142, in detectOutlier
    o_calcul = trackOutlier(A)
               ^^^^^^^^^^^^^^^
  File "/zhome/ea/6/187439/computational-tools-project/src/preprocessing/utils.py", line 86, in trackOutlier
    assert (A.transpose() == A).all(), "A must be a symatric matrix"
           ^^^^^^^^^^^^^^^^^^^^^^^^^^
  File "/zhome/ea/6/187439/computational-tools-project/.venv/lib/python3.11/site-packages/numpy/_core/_methods.py", line 66, in _all
    def _all(a, axis=None, dtype=None, out=None, keepdims=False, *, where=True):
    
KeyboardInterrupt
Traceback (most recent call last):
socket.send() raised exception.
socket.send() raised exception.
Process ForkPoolWorker-28:
  File "/appl9/python/3.11.9/lib/python3.11/multiprocessing/process.py", line 314, in _bootstrap
    self.run()
  File "/appl9/python/3.11.9/lib/python3.11/multiprocessing/process.py", line 108, in run
    self._target(*self._args, **self._kwargs)
  File "/appl9/python/3.11.9/lib/python3.11/multiprocessing/pool.py", line 125, in worker
    result = (True, func(*args, **kwds))
                    ^^^^^^^^^^^^^^^^^^^
  File "/appl9/python/3.11.9/lib/python3.11/multiprocessing/pool.py", line 48, in mapstar
    return list(map(*args))
           ^^^^^^^^^^^^^^^^
  File "/zhome/ea/6/187439/computational-tools-project/src/preprocessing/map_reduce.py", line 69, in process_single_mmsi
    processed_data, preprocessing_results = preprocess_mmsi_track(full_track)
                                            ^^^^^^^^^^^^^^^^^^^^^^^^^^^^^^^^^
  File "/zhome/ea/6/187439/computational-tools-project/src/preprocessing/preprocessing.py", line 78, in preprocess_mmsi_track
    o_report, o_calcul = utils.detectOutlier(track, speed_max = SPEED_MAX)
                         ^^^^^^^^^^^^^^^^^^^^^^^^^^^^^^^^^^^^^^^^^^^^^^^^^
  File "/zhome/ea/6/187439/computational-tools-project/src/preprocessing/utils.py", line 142, in detectOutlier
    o_calcul = trackOutlier(A)
               ^^^^^^^^^^^^^^^
  File "/zhome/ea/6/187439/computational-tools-project/src/preprocessing/utils.py", line 86, in trackOutlier
    assert (A.transpose() == A).all(), "A must be a symatric matrix"
           ^^^^^^^^^^^^^^^^^^^^^^^^^^
  File "/zhome/ea/6/187439/computational-tools-project/.venv/lib/python3.11/site-packages/numpy/_core/_methods.py", line 66, in _all
    def _all(a, axis=None, dtype=None, out=None, keepdims=False, *, where=True):
    
KeyboardInterrupt
Process ForkPoolWorker-3:
socket.send() raised exception.
socket.send() raised exception.
socket.send() raised exception.
socket.send() raised exception.
Traceback (most recent call last):
  File "/appl9/python/3.11.9/lib/python3.11/multiprocessing/process.py", line 314, in _bootstrap
    self.run()
  File "/appl9/python/3.11.9/lib/python3.11/multiprocessing/process.py", line 108, in run
    self._target(*self._args, **self._kwargs)
  File "/appl9/python/3.11.9/lib/python3.11/multiprocessing/pool.py", line 125, in worker
    result = (True, func(*args, **kwds))
                    ^^^^^^^^^^^^^^^^^^^
  File "/appl9/python/3.11.9/lib/python3.11/multiprocessing/pool.py", line 48, in mapstar
    return list(map(*args))
           ^^^^^^^^^^^^^^^^
  File "/zhome/ea/6/187439/computational-tools-project/src/preprocessing/map_reduce.py", line 69, in process_single_mmsi
    processed_data, preprocessing_results = preprocess_mmsi_track(full_track)
                                            ^^^^^^^^^^^^^^^^^^^^^^^^^^^^^^^^^
  File "/zhome/ea/6/187439/computational-tools-project/src/preprocessing/preprocessing.py", line 78, in preprocess_mmsi_track
    o_report, o_calcul = utils.detectOutlier(track, speed_max = SPEED_MAX)
                         ^^^^^^^^^^^^^^^^^^^^^^^^^^^^^^^^^^^^^^^^^^^^^^^^^
  File "/zhome/ea/6/187439/computational-tools-project/src/preprocessing/utils.py", line 142, in detectOutlier
    o_calcul = trackOutlier(A)
               ^^^^^^^^^^^^^^^
  File "/zhome/ea/6/187439/computational-tools-project/src/preprocessing/utils.py", line 87, in trackOutlier
    assert ((A==0) | (A==1)).all(), "A must be a binary matrix"
           ^^^^^^^^^^^^^^^^^^^^^^^
  File "/zhome/ea/6/187439/computational-tools-project/.venv/lib/python3.11/site-packages/numpy/_core/_methods.py", line 66, in _all
    def _all(a, axis=None, dtype=None, out=None, keepdims=False, *, where=True):
    
KeyboardInterrupt
socket.send() raised exception.
socket.send() raised exception.
Traceback (most recent call last):
socket.send() raised exception.
  File "/appl9/python/3.11.9/lib/python3.11/multiprocessing/process.py", line 314, in _bootstrap
    self.run()
  File "/appl9/python/3.11.9/lib/python3.11/multiprocessing/process.py", line 108, in run
    self._target(*self._args, **self._kwargs)
  File "/appl9/python/3.11.9/lib/python3.11/multiprocessing/pool.py", line 125, in worker
    result = (True, func(*args, **kwds))
                    ^^^^^^^^^^^^^^^^^^^
  File "/appl9/python/3.11.9/lib/python3.11/multiprocessing/pool.py", line 48, in mapstar
    return list(map(*args))
           ^^^^^^^^^^^^^^^^
  File "/zhome/ea/6/187439/computational-tools-project/src/preprocessing/map_reduce.py", line 69, in process_single_mmsi
    processed_data, preprocessing_results = preprocess_mmsi_track(full_track)
                                            ^^^^^^^^^^^^^^^^^^^^^^^^^^^^^^^^^
  File "/zhome/ea/6/187439/computational-tools-project/src/preprocessing/preprocessing.py", line 78, in preprocess_mmsi_track
    o_report, o_calcul = utils.detectOutlier(track, speed_max = SPEED_MAX)
                         ^^^^^^^^^^^^^^^^^^^^^^^^^^^^^^^^^^^^^^^^^^^^^^^^^
socket.send() raised exception.
  File "/zhome/ea/6/187439/computational-tools-project/src/preprocessing/utils.py", line 142, in detectOutlier
    o_calcul = trackOutlier(A)
               ^^^^^^^^^^^^^^^
  File "/zhome/ea/6/187439/computational-tools-project/src/preprocessing/utils.py", line 87, in trackOutlier
    assert ((A==0) | (A==1)).all(), "A must be a binary matrix"
           ^^^^^^^^^^^^^^^^^^^^^^^
  File "/zhome/ea/6/187439/computational-tools-project/.venv/lib/python3.11/site-packages/numpy/_core/_methods.py", line 66, in _all
    def _all(a, axis=None, dtype=None, out=None, keepdims=False, *, where=True):
    
KeyboardInterrupt
socket.send() raised exception.
socket.send() raised exception.
Process ForkPoolWorker-34:
socket.send() raised exception.
socket.send() raised exception.
Traceback (most recent call last):
socket.send() raised exception.
socket.send() raised exception.
  File "/appl9/python/3.11.9/lib/python3.11/multiprocessing/process.py", line 314, in _bootstrap
    self.run()
  File "/appl9/python/3.11.9/lib/python3.11/multiprocessing/process.py", line 108, in run
    self._target(*self._args, **self._kwargs)
  File "/appl9/python/3.11.9/lib/python3.11/multiprocessing/pool.py", line 125, in worker
    result = (True, func(*args, **kwds))
                    ^^^^^^^^^^^^^^^^^^^
  File "/appl9/python/3.11.9/lib/python3.11/multiprocessing/pool.py", line 48, in mapstar
    return list(map(*args))
           ^^^^^^^^^^^^^^^^
  File "/zhome/ea/6/187439/computational-tools-project/src/preprocessing/map_reduce.py", line 69, in process_single_mmsi
    processed_data, preprocessing_results = preprocess_mmsi_track(full_track)
                                            ^^^^^^^^^^^^^^^^^^^^^^^^^^^^^^^^^
  File "/zhome/ea/6/187439/computational-tools-project/src/preprocessing/preprocessing.py", line 78, in preprocess_mmsi_track
    o_report, o_calcul = utils.detectOutlier(track, speed_max = SPEED_MAX)
                         ^^^^^^^^^^^^^^^^^^^^^^^^^^^^^^^^^^^^^^^^^^^^^^^^^
  File "/zhome/ea/6/187439/computational-tools-project/src/preprocessing/utils.py", line 142, in detectOutlier
    o_calcul = trackOutlier(A)
               ^^^^^^^^^^^^^^^
  File "/zhome/ea/6/187439/computational-tools-project/src/preprocessing/utils.py", line 87, in trackOutlier
    assert ((A==0) | (A==1)).all(), "A must be a binary matrix"
           ^^^^^^^^^^^^^^^^^^^^^^^
  File "/zhome/ea/6/187439/computational-tools-project/.venv/lib/python3.11/site-packages/numpy/_core/_methods.py", line 66, in _all
    def _all(a, axis=None, dtype=None, out=None, keepdims=False, *, where=True):
    
KeyboardInterrupt
socket.send() raised exception.
socket.send() raised exception.
socket.send() raised exception.
socket.send() raised exception.
socket.send() raised exception.
socket.send() raised exception.
socket.send() raised exception.
socket.send() raised exception.
socket.send() raised exception.
socket.send() raised exception.
Process ForkPoolWorker-10:
socket.send() raised exception.
socket.send() raised exception.
socket.send() raised exception.
socket.send() raised exception.
Traceback (most recent call last):
  File "/appl9/python/3.11.9/lib/python3.11/multiprocessing/process.py", line 314, in _bootstrap
    self.run()
  File "/appl9/python/3.11.9/lib/python3.11/multiprocessing/process.py", line 108, in run
    self._target(*self._args, **self._kwargs)
  File "/appl9/python/3.11.9/lib/python3.11/multiprocessing/pool.py", line 125, in worker
    result = (True, func(*args, **kwds))
                    ^^^^^^^^^^^^^^^^^^^
  File "/appl9/python/3.11.9/lib/python3.11/multiprocessing/pool.py", line 48, in mapstar
    return list(map(*args))
           ^^^^^^^^^^^^^^^^
  File "/zhome/ea/6/187439/computational-tools-project/src/preprocessing/map_reduce.py", line 69, in process_single_mmsi
    processed_data, preprocessing_results = preprocess_mmsi_track(full_track)
                                            ^^^^^^^^^^^^^^^^^^^^^^^^^^^^^^^^^
  File "/zhome/ea/6/187439/computational-tools-project/src/preprocessing/preprocessing.py", line 78, in preprocess_mmsi_track
    o_report, o_calcul = utils.detectOutlier(track, speed_max = SPEED_MAX)
                         ^^^^^^^^^^^^^^^^^^^^^^^^^^^^^^^^^^^^^^^^^^^^^^^^^
  File "/zhome/ea/6/187439/computational-tools-project/src/preprocessing/utils.py", line 142, in detectOutlier
    o_calcul = trackOutlier(A)
               ^^^^^^^^^^^^^^^
  File "/zhome/ea/6/187439/computational-tools-project/src/preprocessing/utils.py", line 90, in trackOutlier
    b = np.sum(A, axis = 1)
        ^^^^^^^^^^^^^^^^^^^
  File "/zhome/ea/6/187439/computational-tools-project/.venv/lib/python3.11/site-packages/numpy/_core/fromnumeric.py", line 2466, in sum
    return _wrapreduction(
           ^^^^^^^^^^^^^^^
  File "/zhome/ea/6/187439/computational-tools-project/.venv/lib/python3.11/site-packages/numpy/_core/fromnumeric.py", line 86, in _wrapreduction
    return ufunc.reduce(obj, axis, dtype, out, **passkwargs)
           ^^^^^^^^^^^^^^^^^^^^^^^^^^^^^^^^^^^^^^^^^^^^^^^^^
KeyboardInterrupt
socket.send() raised exception.
socket.send() raised exception.
socket.send() raised exception.
socket.send() raised exception.
socket.send() raised exception.
socket.send() raised exception.
socket.send() raised exception.
socket.send() raised exception.
socket.send() raised exception.
socket.send() raised exception.
socket.send() raised exception.
socket.send() raised exception.
socket.send() raised exception.
socket.send() raised exception.
socket.send() raised exception.
socket.send() raised exception.
socket.send() raised exception.
socket.send() raised exception.
socket.send() raised exception.
socket.send() raised exception.
socket.send() raised exception.
socket.send() raised exception.
socket.send() raised exception.
socket.send() raised exception.
socket.send() raised exception.
socket.send() raised exception.
socket.send() raised exception.
socket.send() raised exception.
socket.send() raised exception.
socket.send() raised exception.
socket.send() raised exception.
socket.send() raised exception.
socket.send() raised exception.
socket.send() raised exception.
socket.send() raised exception.
socket.send() raised exception.
socket.send() raised exception.
socket.send() raised exception.
Exception ignored in atexit callback: <function _start_and_connect_service.<locals>.teardown_atexit at 0x7f382e231260>
Traceback (most recent call last):
  File "/zhome/ea/6/187439/computational-tools-project/.venv/lib/python3.11/site-packages/wandb/sdk/lib/service/service_connection.py", line 61, in teardown_atexit
    conn.teardown(hooks.exit_code)
  File "/zhome/ea/6/187439/computational-tools-project/.venv/lib/python3.11/site-packages/wandb/sdk/lib/service/service_connection.py", line 236, in teardown
    self._asyncer.run(publish_teardown_and_close)
  File "/zhome/ea/6/187439/computational-tools-project/.venv/lib/python3.11/site-packages/wandb/sdk/lib/asyncio_manager.py", line 136, in run
    return future.result()
           ^^^^^^^^^^^^^^^
  File "/appl9/python/3.11.9/lib/python3.11/concurrent/futures/_base.py", line 456, in result
    return self.__get_result()
           ^^^^^^^^^^^^^^^^^^^
  File "/appl9/python/3.11.9/lib/python3.11/concurrent/futures/_base.py", line 401, in __get_result
    raise self._exception
  File "/zhome/ea/6/187439/computational-tools-project/.venv/lib/python3.11/site-packages/wandb/sdk/lib/asyncio_manager.py", line 219, in _wrap
    return await fn()
           ^^^^^^^^^^
  File "/zhome/ea/6/187439/computational-tools-project/.venv/lib/python3.11/site-packages/wandb/sdk/lib/service/service_connection.py", line 227, in publish_teardown_and_close
    await self._client.publish(
  File "/zhome/ea/6/187439/computational-tools-project/.venv/lib/python3.11/site-packages/wandb/sdk/lib/service/service_client.py", line 38, in publish
    await self._send_server_request(request)
  File "/zhome/ea/6/187439/computational-tools-project/.venv/lib/python3.11/site-packages/wandb/sdk/lib/service/service_client.py", line 64, in _send_server_request
    await self._writer.drain()
  File "/appl9/python/3.11.9/lib/python3.11/asyncio/streams.py", line 392, in drain
    await self._protocol._drain_helper()
  File "/appl9/python/3.11.9/lib/python3.11/asyncio/streams.py", line 166, in _drain_helper
    raise ConnectionResetError('Connection lost')
ConnectionResetError: Connection lost
Process ForkPoolWorker-16:
socket.send() raised exception.
socket.send() raised exception.
socket.send() raised exception.
Traceback (most recent call last):
socket.send() raised exception.
  File "/appl9/python/3.11.9/lib/python3.11/multiprocessing/process.py", line 314, in _bootstrap
    self.run()
  File "/appl9/python/3.11.9/lib/python3.11/multiprocessing/process.py", line 108, in run
    self._target(*self._args, **self._kwargs)
  File "/appl9/python/3.11.9/lib/python3.11/multiprocessing/pool.py", line 125, in worker
    result = (True, func(*args, **kwds))
                    ^^^^^^^^^^^^^^^^^^^
  File "/appl9/python/3.11.9/lib/python3.11/multiprocessing/pool.py", line 48, in mapstar
    return list(map(*args))
           ^^^^^^^^^^^^^^^^
  File "/zhome/ea/6/187439/computational-tools-project/src/preprocessing/map_reduce.py", line 69, in process_single_mmsi
    processed_data, preprocessing_results = preprocess_mmsi_track(full_track)
                                            ^^^^^^^^^^^^^^^^^^^^^^^^^^^^^^^^^
  File "/zhome/ea/6/187439/computational-tools-project/src/preprocessing/preprocessing.py", line 78, in preprocess_mmsi_track
    o_report, o_calcul = utils.detectOutlier(track, speed_max = SPEED_MAX)
                         ^^^^^^^^^^^^^^^^^^^^^^^^^^^^^^^^^^^^^^^^^^^^^^^^^
  File "/zhome/ea/6/187439/computational-tools-project/src/preprocessing/utils.py", line 142, in detectOutlier
    o_calcul = trackOutlier(A)
               ^^^^^^^^^^^^^^^
  File "/zhome/ea/6/187439/computational-tools-project/src/preprocessing/utils.py", line 86, in trackOutlier
    assert (A.transpose() == A).all(), "A must be a symatric matrix"
           ^^^^^^^^^^^^^^^^^^^^^^^^^^
  File "/zhome/ea/6/187439/computational-tools-project/.venv/lib/python3.11/site-packages/numpy/_core/_methods.py", line 66, in _all
    def _all(a, axis=None, dtype=None, out=None, keepdims=False, *, where=True):
    
KeyboardInterrupt
socket.send() raised exception.
socket.send() raised exception.
socket.send() raised exception.
socket.send() raised exception.
socket.send() raised exception.
socket.send() raised exception.
socket.send() raised exception.
socket.send() raised exception.
socket.send() raised exception.
socket.send() raised exception.
socket.send() raised exception.
socket.send() raised exception.
socket.send() raised exception.
socket.send() raised exception.
socket.send() raised exception.
socket.send() raised exception.
socket.send() raised exception.
socket.send() raised exception.
socket.send() raised exception.
socket.send() raised exception.
socket.send() raised exception.
socket.send() raised exception.
socket.send() raised exception.
socket.send() raised exception.
socket.send() raised exception.
socket.send() raised exception.
socket.send() raised exception.
socket.send() raised exception.
socket.send() raised exception.
socket.send() raised exception.
socket.send() raised exception.
socket.send() raised exception.
socket.send() raised exception.
socket.send() raised exception.
socket.send() raised exception.
socket.send() raised exception.
socket.send() raised exception.
socket.send() raised exception.
socket.send() raised exception.
socket.send() raised exception.
socket.send() raised exception.
socket.send() raised exception.
socket.send() raised exception.
socket.send() raised exception.
socket.send() raised exception.
socket.send() raised exception.
socket.send() raised exception.
socket.send() raised exception.
socket.send() raised exception.
socket.send() raised exception.
socket.send() raised exception.
socket.send() raised exception.
socket.send() raised exception.
socket.send() raised exception.
socket.send() raised exception.
socket.send() raised exception.
socket.send() raised exception.
socket.send() raised exception.
socket.send() raised exception.
socket.send() raised exception.
socket.send() raised exception.
socket.send() raised exception.
socket.send() raised exception.
socket.send() raised exception.
socket.send() raised exception.
socket.send() raised exception.
socket.send() raised exception.
socket.send() raised exception.
socket.send() raised exception.
socket.send() raised exception.
socket.send() raised exception.
socket.send() raised exception.
